[debug] [2025-04-24T14:31:11.271Z] ----------------------------------------------------------------------
[debug] [2025-04-24T14:31:11.273Z] Command:       C:\Program Files\nodejs\node.exe C:\Grade1\SE Lab\Ass11\GitHubActionPractice\node_modules\firebase-tools\lib\bin\firebase.js init hosting
[debug] [2025-04-24T14:31:11.273Z] CLI Version:   14.2.1
[debug] [2025-04-24T14:31:11.273Z] Platform:      win32
[debug] [2025-04-24T14:31:11.274Z] Node Version:  v20.17.0
[debug] [2025-04-24T14:31:11.274Z] Time:          Thu Apr 24 2025 21:31:11 GMT+0700 (เวลาอินโดจีน)
[debug] [2025-04-24T14:31:11.274Z] ----------------------------------------------------------------------
[debug] 
[debug] [2025-04-24T14:31:11.397Z] > command requires scopes: ["email","openid","https://www.googleapis.com/auth/cloudplatformprojects.readonly","https://www.googleapis.com/auth/firebase","https://www.googleapis.com/auth/cloud-platform"]
[debug] [2025-04-24T14:31:11.398Z] > authorizing via signed-in user (maxamarapitak2549@gmail.com)
[info] 
     ######## #### ########  ######## ########     ###     ######  ########
     ##        ##  ##     ## ##       ##     ##  ##   ##  ##       ##
     ######    ##  ########  ######   ########  #########  ######  ######
     ##        ##  ##    ##  ##       ##     ## ##     ##       ## ##
     ##       #### ##     ## ######## ########  ##     ##  ######  ########

You're about to initialize a Firebase project in this directory:

  C:\Grade1\SE Lab\Ass11\GitHubActionPractice

Before we get started, keep in mind:

  * You are currently outside your home directory
  * You are initializing within an existing Firebase project directory

[info] 
=== Project Setup
[info] 
[info] First, let's associate this project directory with a Firebase project.
[info] You can create multiple project aliases by running firebase use --add, 
[info] but for now we'll just set up a default project.
[info] 
[debug] [2025-04-24T14:31:22.942Z] Using project from CLI flag: fireship-lessons
[debug] [2025-04-24T14:31:22.943Z] Checked if tokens are valid: false, expires at: 1745502662180
[debug] [2025-04-24T14:31:22.944Z] Checked if tokens are valid: false, expires at: 1745502662180
[debug] [2025-04-24T14:31:22.944Z] > refreshing access token with scopes: []
[debug] [2025-04-24T14:31:22.946Z] >>> [apiv2][query] POST https://www.googleapis.com/oauth2/v3/token [none]
[debug] [2025-04-24T14:31:22.946Z] >>> [apiv2][body] POST https://www.googleapis.com/oauth2/v3/token [omitted]
[debug] [2025-04-24T14:31:23.156Z] <<< [apiv2][status] POST https://www.googleapis.com/oauth2/v3/token 200
[debug] [2025-04-24T14:31:23.156Z] <<< [apiv2][body] POST https://www.googleapis.com/oauth2/v3/token [omitted]
[debug] [2025-04-24T14:31:23.165Z] >>> [apiv2][query] GET https://firebase.googleapis.com/v1beta1/projects/fireship-lessons [none]
[debug] [2025-04-24T14:31:23.585Z] <<< [apiv2][status] GET https://firebase.googleapis.com/v1beta1/projects/fireship-lessons 403
[debug] [2025-04-24T14:31:23.586Z] <<< [apiv2][body] GET https://firebase.googleapis.com/v1beta1/projects/fireship-lessons {"error":{"code":403,"message":"The caller does not have permission","status":"PERMISSION_DENIED"}}
[debug] [2025-04-24T14:31:23.588Z] Request to https://firebase.googleapis.com/v1beta1/projects/fireship-lessons had HTTP Error: 403, The caller does not have permission
[debug] [2025-04-24T14:31:23.715Z] FirebaseError: Request to https://firebase.googleapis.com/v1beta1/projects/fireship-lessons had HTTP Error: 403, The caller does not have permission
    at responseToError (C:\Grade1\SE Lab\Ass11\GitHubActionPractice\node_modules\firebase-tools\lib\responseToError.js:52:12)
    at RetryOperation._fn (C:\Grade1\SE Lab\Ass11\GitHubActionPractice\node_modules\firebase-tools\lib\apiv2.js:312:77)
    at process.processTicksAndRejections (node:internal/process/task_queues:95:5)
[error] 
[error] Error: Failed to get Firebase project fireship-lessons. Please make sure the project exists and your account has permission to access it.
[debug] [2025-04-24T14:31:25.754Z] ----------------------------------------------------------------------
[debug] [2025-04-24T14:31:25.756Z] Command:       C:\Program Files\nodejs\node.exe C:\Grade1\SE Lab\Ass11\GitHubActionPractice\node_modules\firebase-tools\lib\bin\firebase.js init emulators
[debug] [2025-04-24T14:31:25.756Z] CLI Version:   14.2.1
[debug] [2025-04-24T14:31:25.757Z] Platform:      win32
[debug] [2025-04-24T14:31:25.757Z] Node Version:  v20.17.0
[debug] [2025-04-24T14:31:25.757Z] Time:          Thu Apr 24 2025 21:31:25 GMT+0700 (เวลาอินโดจีน)
[debug] [2025-04-24T14:31:25.757Z] ----------------------------------------------------------------------
[debug] 
[debug] [2025-04-24T14:31:25.881Z] > command requires scopes: ["email","openid","https://www.googleapis.com/auth/cloudplatformprojects.readonly","https://www.googleapis.com/auth/firebase","https://www.googleapis.com/auth/cloud-platform"]
[debug] [2025-04-24T14:31:25.881Z] > authorizing via signed-in user (maxamarapitak2549@gmail.com)
[info] 
     ######## #### ########  ######## ########     ###     ######  ########
     ##        ##  ##     ## ##       ##     ##  ##   ##  ##       ##
     ######    ##  ########  ######   ########  #########  ######  ######
     ##        ##  ##    ##  ##       ##     ## ##     ##       ## ##
     ##       #### ##     ## ######## ########  ##     ##  ######  ########

You're about to initialize a Firebase project in this directory:

  C:\Grade1\SE Lab\Ass11\GitHubActionPractice

Before we get started, keep in mind:

  * You are currently outside your home directory
  * You are initializing within an existing Firebase project directory

[info] 
=== Project Setup
[info] 
[info] First, let's associate this project directory with a Firebase project.
[info] You can create multiple project aliases by running firebase use --add, 
[info] but for now we'll just set up a default project.
[info] 
[debug] [2025-04-24T14:31:26.515Z] Using project from CLI flag: fireship-lessons
[debug] [2025-04-24T14:31:26.515Z] Checked if tokens are valid: true, expires at: 1745508682156
[debug] [2025-04-24T14:31:26.515Z] Checked if tokens are valid: true, expires at: 1745508682156
[debug] [2025-04-24T14:31:26.516Z] >>> [apiv2][query] GET https://firebase.googleapis.com/v1beta1/projects/fireship-lessons [none]
[debug] [2025-04-24T14:31:26.999Z] <<< [apiv2][status] GET https://firebase.googleapis.com/v1beta1/projects/fireship-lessons 403
[debug] [2025-04-24T14:31:27.000Z] <<< [apiv2][body] GET https://firebase.googleapis.com/v1beta1/projects/fireship-lessons {"error":{"code":403,"message":"The caller does not have permission","status":"PERMISSION_DENIED"}}
[debug] [2025-04-24T14:31:27.001Z] Request to https://firebase.googleapis.com/v1beta1/projects/fireship-lessons had HTTP Error: 403, The caller does not have permission
[debug] [2025-04-24T14:31:27.375Z] FirebaseError: Request to https://firebase.googleapis.com/v1beta1/projects/fireship-lessons had HTTP Error: 403, The caller does not have permission
    at responseToError (C:\Grade1\SE Lab\Ass11\GitHubActionPractice\node_modules\firebase-tools\lib\responseToError.js:52:12)
    at RetryOperation._fn (C:\Grade1\SE Lab\Ass11\GitHubActionPractice\node_modules\firebase-tools\lib\apiv2.js:312:77)
    at process.processTicksAndRejections (node:internal/process/task_queues:95:5)
[error] 
[error] Error: Failed to get Firebase project fireship-lessons. Please make sure the project exists and your account has permission to access it.
