[debug] [2025-04-24T15:04:48.113Z] ----------------------------------------------------------------------
[debug] [2025-04-24T15:04:48.115Z] Command:       C:\Program Files\nodejs\node.exe C:\Grade1\SE Lab\Ass11\GitHubActionPractice\node_modules\firebase-tools\lib\bin\firebase.js init hosting:github
[debug] [2025-04-24T15:04:48.116Z] CLI Version:   14.2.1
[debug] [2025-04-24T15:04:48.116Z] Platform:      win32
[debug] [2025-04-24T15:04:48.116Z] Node Version:  v20.17.0
[debug] [2025-04-24T15:04:48.116Z] Time:          Thu Apr 24 2025 22:04:48 GMT+0700 (เวลาอินโดจีน)
[debug] [2025-04-24T15:04:48.116Z] ----------------------------------------------------------------------
[debug] 
[debug] [2025-04-24T15:04:48.242Z] > command requires scopes: ["email","openid","https://www.googleapis.com/auth/cloudplatformprojects.readonly","https://www.googleapis.com/auth/firebase","https://www.googleapis.com/auth/cloud-platform"]
[debug] [2025-04-24T15:04:48.242Z] > authorizing via signed-in user (maxamarapitak2549@gmail.com)
[info] 
     ######## #### ########  ######## ########     ###     ######  ########
     ##        ##  ##     ## ##       ##     ##  ##   ##  ##       ##
     ######    ##  ########  ######   ########  #########  ######  ######
     ##        ##  ##    ##  ##       ##     ## ##     ##       ## ##
     ##       #### ##     ## ######## ########  ##     ##  ######  ########

You're about to initialize a Firebase project in this directory:

  C:\Grade1\SE Lab\Ass11\GitHubActionPractice

Before we get started, keep in mind:

  * You are currently outside your home directory
  * You are initializing within an existing Firebase project directory

[info] 
=== Project Setup
[info] 
[info] First, let's associate this project directory with a Firebase project.
[info] You can create multiple project aliases by running firebase use --add, 
[info] but for now we'll just set up a default project.
[info] 
[debug] [2025-04-24T15:04:50.630Z] Using project from CLI flag: ass11-e32ac
[debug] [2025-04-24T15:04:50.632Z] Checked if tokens are valid: true, expires at: 1745508682156
[debug] [2025-04-24T15:04:50.633Z] Checked if tokens are valid: true, expires at: 1745508682156
[debug] [2025-04-24T15:04:50.635Z] >>> [apiv2][query] GET https://firebase.googleapis.com/v1beta1/projects/ass11-e32ac [none]
[debug] [2025-04-24T15:04:52.141Z] <<< [apiv2][status] GET https://firebase.googleapis.com/v1beta1/projects/ass11-e32ac 200
[debug] [2025-04-24T15:04:52.141Z] <<< [apiv2][body] GET https://firebase.googleapis.com/v1beta1/projects/ass11-e32ac {"projectId":"ass11-e32ac","projectNumber":"968520062195","displayName":"Ass11","name":"projects/ass11-e32ac","resources":{"hostingSite":"ass11-e32ac"},"state":"ACTIVE","etag":"1_11d9f67c-9b0a-492a-b2d8-5488fb0dfdd4"}
[info] i  Using project ass11-e32ac (Ass11) 
[info] 
=== Hosting:github Setup
[info] 
[info] i  Detected a .git folder at C:\Grade1\SE Lab\Ass11\GitHubActionPractice 
[info] i  Authorizing with GitHub to upload your service account to a GitHub repository's secrets store. 
[info] 
[info] Visit this URL on this device to log in:
[info] https://github.com/login/oauth/authorize?client_id=89cf50f02ac6aaed3484&state=30242953&redirect_uri=http%3A%2F%2Flocalhost%3A9005&scope=read%3Auser%20repo%20public_repo
[info] 
[info] Waiting for authentication...
[debug] [2025-04-24T15:04:52.824Z] >>> [apiv2][query] POST https://github.com/login/oauth/access_token [none]
[debug] [2025-04-24T15:04:52.824Z] >>> [apiv2][body] POST https://github.com/login/oauth/access_token [stream]
[debug] [2025-04-24T15:04:53.254Z] <<< [apiv2][status] POST https://github.com/login/oauth/access_token 200
[debug] [2025-04-24T15:04:53.254Z] <<< [apiv2][body] POST https://github.com/login/oauth/access_token {"access_token":"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","token_type":"bearer","scope":"read:user,repo"}
[debug] [2025-04-24T15:04:53.259Z] >>> [apiv2][query] GET https://api.github.com/user [none]
[debug] [2025-04-24T15:04:53.701Z] <<< [apiv2][status] GET https://api.github.com/user 200
[debug] [2025-04-24T15:04:53.702Z] <<< [apiv2][body] GET https://api.github.com/user {"login":"GodXvW","id":73622634,"node_id":"MDQ6VXNlcjczNjIyNjM0","avatar_url":"https://avatars.githubusercontent.com/u/73622634?v=4","gravatar_id":"","url":"https://api.github.com/users/GodXvW","html_url":"https://github.com/GodXvW","followers_url":"https://api.github.com/users/GodXvW/followers","following_url":"https://api.github.com/users/GodXvW/following{/other_user}","gists_url":"https://api.github.com/users/GodXvW/gists{/gist_id}","starred_url":"https://api.github.com/users/GodXvW/starred{/owner}{/repo}","subscriptions_url":"https://api.github.com/users/GodXvW/subscriptions","organizations_url":"https://api.github.com/users/GodXvW/orgs","repos_url":"https://api.github.com/users/GodXvW/repos","events_url":"https://api.github.com/users/GodXvW/events{/privacy}","received_events_url":"https://api.github.com/users/GodXvW/received_events","type":"User","user_view_type":"private","site_admin":false,"name":"Siphax","company":null,"blog":"","location":null,"email":null,"hireable":null,"bio":null,"twitter_username":null,"notification_email":null,"public_repos":8,"public_gists":0,"followers":0,"following":0,"created_at":"2020-10-29T01:13:02Z","updated_at":"2025-04-16T12:48:11Z","private_gists":0,"total_private_repos":12,"owned_private_repos":12,"disk_usage":42916,"collaborators":0,"two_factor_authentication":true,"plan":{"name":"pro","space":976562499,"collaborators":0,"private_repos":9999}}
[info] 
[info] +  Success! Logged into GitHub as GodXvW 
[info] 
